<?xml version="1.0" encoding="UTF-8"?>
<!-- Generated by org.testng.reporters.JUnitReportReporter -->
<testsuite skipped="0" hostname="IRONMAN" name="com.mindtree.runners.TestRunner" tests="1" failures="0" timestamp="2021-11-08T23:40:44 IST" time="8.159" errors="0">
  <testcase name="runScenario" time="8.159" classname="com.mindtree.runners.TestRunner"/>
</testsuite> <!-- com.mindtree.runners.TestRunner -->
